<?xml version="1.0" encoding="UTF-8"?>
<TestRun id="a4ccbc4b-6b11-416b-bb25-0e06707852d2" name="jciechanowicz@AS02W1018 2012-11-06 17:11:01" runUser="ALPHAMERIC\jciechanowicz" xmlns="http://microsoft.com/schemas/VisualStudio/TeamTest/2010">
  <TestSettings name="Local" id="42885817-39b2-4c60-8baf-effd82c36c3a">
    <Description>These are default test settings for a local test run.</Description>
    <Deployment enabled="false" runDeploymentRoot="jciechanowicz_AS02W1018 2012-11-06 17_11_01">
      <DeploymentItem filename="C:\Users\jciechanowicz\Documents\GitHub\Chains\Chains\bin\Debug\Chains.dll" />
    </Deployment>
    <Execution>
      <TestTypeSpecific />
      <AgentRule name="Execution Agents">
      </AgentRule>
    </Execution>
  </TestSettings>
  <Times creation="2012-11-06T17:11:01.2988223+00:00" queuing="2012-11-06T17:11:03.3468223+00:00" start="2012-11-06T17:11:03.4948223+00:00" finish="2012-11-06T17:11:05.0408223+00:00" />
  <ResultSummary outcome="Warning">
    <Counters total="5" executed="5" passed="5" error="0" failed="0" timeout="0" aborted="0" inconclusive="0" passedButRunAborted="0" notRunnable="0" notExecuted="0" disconnected="0" warning="0" completed="0" inProgress="0" pending="0" />
    <RunInfos>
      <RunInfo computerName="AS02W1018" outcome="Warning" timestamp="2012-11-06T17:11:02.0318223+00:00">
        <Text>Deployment is currently disabled. The deployment item 'Chains.dll' on test 'ChainsTest.ChainsTests.TestSimpleChain' was not deployed.</Text>
      </RunInfo>
    </RunInfos>
  </ResultSummary>
  <TestDefinitions>
    <UnitTest name="TestSimpleChain" storage="c:\users\jciechanowicz\documents\github\chains\chainstest\bin\debug\chainstest.dll" id="9e318b57-9d2d-a34d-d4ca-ad4722d68947">
      <DeploymentItems>
        <DeploymentItem filename="Chains.dll" />
      </DeploymentItems>
      <Execution id="cd91c150-e143-40e7-a006-b1569e3d7f9b" />
      <TestMethod codeBase="C:/Users/jciechanowicz/Documents/GitHub/Chains/ChainsTest/bin/Debug/ChainsTest.DLL" adapterTypeName="Microsoft.VisualStudio.TestTools.TestTypes.Unit.UnitTestAdapter, Microsoft.VisualStudio.QualityTools.Tips.UnitTest.Adapter, Version=10.0.0.0, Culture=neutral, PublicKeyToken=b03f5f7f11d50a3a" className="ChainsTest.ChainsTests, ChainsTest, Version=1.0.0.0, Culture=neutral, PublicKeyToken=null" name="TestSimpleChain" />
    </UnitTest>
    <UnitTest name="TestTypeMismatch" storage="c:\users\jciechanowicz\documents\github\chains\chainstest\bin\debug\chainstest.dll" id="03ef428c-1cd0-627d-8cce-c571c16c3566">
      <DeploymentItems>
        <DeploymentItem filename="Chains.dll" />
      </DeploymentItems>
      <Execution id="18a3ff6e-da4e-4532-b0f8-3b395915b4c9" />
      <TestMethod codeBase="C:/Users/jciechanowicz/Documents/GitHub/Chains/ChainsTest/bin/Debug/ChainsTest.DLL" adapterTypeName="Microsoft.VisualStudio.TestTools.TestTypes.Unit.UnitTestAdapter, Microsoft.VisualStudio.QualityTools.Tips.UnitTest.Adapter, Version=10.0.0.0, Culture=neutral, PublicKeyToken=b03f5f7f11d50a3a" className="ChainsTest.ChainsTests, ChainsTest, Version=1.0.0.0, Culture=neutral, PublicKeyToken=null" name="TestTypeMismatch" />
    </UnitTest>
    <UnitTest name="TestAsyncExecution" storage="c:\users\jciechanowicz\documents\github\chains\chainstest\bin\debug\chainstest.dll" id="3ad6ef1e-9d1b-6ed7-bcf3-088c1e3c71ad">
      <DeploymentItems>
        <DeploymentItem filename="Chains.dll" />
      </DeploymentItems>
      <Execution id="5a4ddf4c-0e9a-445e-9a33-eea770f46c63" />
      <TestMethod codeBase="C:/Users/jciechanowicz/Documents/GitHub/Chains/ChainsTest/bin/Debug/ChainsTest.DLL" adapterTypeName="Microsoft.VisualStudio.TestTools.TestTypes.Unit.UnitTestAdapter, Microsoft.VisualStudio.QualityTools.Tips.UnitTest.Adapter, Version=10.0.0.0, Culture=neutral, PublicKeyToken=b03f5f7f11d50a3a" className="ChainsTest.ChainsTests, ChainsTest, Version=1.0.0.0, Culture=neutral, PublicKeyToken=null" name="TestAsyncExecution" />
    </UnitTest>
    <UnitTest name="TestAsyncTypeError" storage="c:\users\jciechanowicz\documents\github\chains\chainstest\bin\debug\chainstest.dll" id="a84f3122-8fdf-d178-f2df-bd9079d6ec22">
      <DeploymentItems>
        <DeploymentItem filename="Chains.dll" />
      </DeploymentItems>
      <Execution id="65f5dbb3-d6da-454f-8b69-aa32d37130ab" />
      <TestMethod codeBase="C:/Users/jciechanowicz/Documents/GitHub/Chains/ChainsTest/bin/Debug/ChainsTest.DLL" adapterTypeName="Microsoft.VisualStudio.TestTools.TestTypes.Unit.UnitTestAdapter, Microsoft.VisualStudio.QualityTools.Tips.UnitTest.Adapter, Version=10.0.0.0, Culture=neutral, PublicKeyToken=b03f5f7f11d50a3a" className="ChainsTest.ChainsTests, ChainsTest, Version=1.0.0.0, Culture=neutral, PublicKeyToken=null" name="TestAsyncTypeError" />
    </UnitTest>
    <UnitTest name="TestExecutionError" storage="c:\users\jciechanowicz\documents\github\chains\chainstest\bin\debug\chainstest.dll" id="9dfbf65a-5d15-5fbe-ba87-7945726c006a">
      <DeploymentItems>
        <DeploymentItem filename="Chains.dll" />
      </DeploymentItems>
      <Execution id="46671357-68b7-49c9-9c28-7560f704f492" />
      <TestMethod codeBase="C:/Users/jciechanowicz/Documents/GitHub/Chains/ChainsTest/bin/Debug/ChainsTest.DLL" adapterTypeName="Microsoft.VisualStudio.TestTools.TestTypes.Unit.UnitTestAdapter, Microsoft.VisualStudio.QualityTools.Tips.UnitTest.Adapter, Version=10.0.0.0, Culture=neutral, PublicKeyToken=b03f5f7f11d50a3a" className="ChainsTest.ChainsTests, ChainsTest, Version=1.0.0.0, Culture=neutral, PublicKeyToken=null" name="TestExecutionError" />
    </UnitTest>
  </TestDefinitions>
  <TestLists>
    <TestList name="Results Not in a List" id="8c84fa94-04c1-424b-9868-57a2d4851a1d" />
    <TestList name="All Loaded Results" id="19431567-8539-422a-85d7-44ee4e166bda" />
  </TestLists>
  <TestEntries>
    <TestEntry testId="03ef428c-1cd0-627d-8cce-c571c16c3566" executionId="18a3ff6e-da4e-4532-b0f8-3b395915b4c9" testListId="8c84fa94-04c1-424b-9868-57a2d4851a1d" />
    <TestEntry testId="3ad6ef1e-9d1b-6ed7-bcf3-088c1e3c71ad" executionId="5a4ddf4c-0e9a-445e-9a33-eea770f46c63" testListId="8c84fa94-04c1-424b-9868-57a2d4851a1d" />
    <TestEntry testId="9dfbf65a-5d15-5fbe-ba87-7945726c006a" executionId="46671357-68b7-49c9-9c28-7560f704f492" testListId="8c84fa94-04c1-424b-9868-57a2d4851a1d" />
    <TestEntry testId="9e318b57-9d2d-a34d-d4ca-ad4722d68947" executionId="cd91c150-e143-40e7-a006-b1569e3d7f9b" testListId="8c84fa94-04c1-424b-9868-57a2d4851a1d" />
    <TestEntry testId="a84f3122-8fdf-d178-f2df-bd9079d6ec22" executionId="65f5dbb3-d6da-454f-8b69-aa32d37130ab" testListId="8c84fa94-04c1-424b-9868-57a2d4851a1d" />
  </TestEntries>
  <Results>
    <UnitTestResult executionId="18a3ff6e-da4e-4532-b0f8-3b395915b4c9" testId="03ef428c-1cd0-627d-8cce-c571c16c3566" testName="TestTypeMismatch" computerName="AS02W1018" duration="00:00:00.0413637" startTime="2012-11-06T17:11:03.5978223+00:00" endTime="2012-11-06T17:11:04.8878223+00:00" testType="13cdc9d9-ddb5-4fa4-a97d-d965ccfc6d4b" outcome="Passed" testListId="8c84fa94-04c1-424b-9868-57a2d4851a1d" relativeResultsDirectory="18a3ff6e-da4e-4532-b0f8-3b395915b4c9">
    </UnitTestResult>
    <UnitTestResult executionId="5a4ddf4c-0e9a-445e-9a33-eea770f46c63" testId="3ad6ef1e-9d1b-6ed7-bcf3-088c1e3c71ad" testName="TestAsyncExecution" computerName="AS02W1018" duration="00:00:00.0045085" startTime="2012-11-06T17:11:04.8938223+00:00" endTime="2012-11-06T17:11:04.9008223+00:00" testType="13cdc9d9-ddb5-4fa4-a97d-d965ccfc6d4b" outcome="Passed" testListId="8c84fa94-04c1-424b-9868-57a2d4851a1d" relativeResultsDirectory="5a4ddf4c-0e9a-445e-9a33-eea770f46c63">
    </UnitTestResult>
    <UnitTestResult executionId="46671357-68b7-49c9-9c28-7560f704f492" testId="9dfbf65a-5d15-5fbe-ba87-7945726c006a" testName="TestExecutionError" computerName="AS02W1018" duration="00:00:00.0009549" startTime="2012-11-06T17:11:04.9068223+00:00" endTime="2012-11-06T17:11:04.9098223+00:00" testType="13cdc9d9-ddb5-4fa4-a97d-d965ccfc6d4b" outcome="Passed" testListId="8c84fa94-04c1-424b-9868-57a2d4851a1d" relativeResultsDirectory="46671357-68b7-49c9-9c28-7560f704f492">
    </UnitTestResult>
    <UnitTestResult executionId="cd91c150-e143-40e7-a006-b1569e3d7f9b" testId="9e318b57-9d2d-a34d-d4ca-ad4722d68947" testName="TestSimpleChain" computerName="AS02W1018" duration="00:00:00.0885583" startTime="2012-11-06T17:11:04.9148223+00:00" endTime="2012-11-06T17:11:05.0058223+00:00" testType="13cdc9d9-ddb5-4fa4-a97d-d965ccfc6d4b" outcome="Passed" testListId="8c84fa94-04c1-424b-9868-57a2d4851a1d" relativeResultsDirectory="cd91c150-e143-40e7-a006-b1569e3d7f9b">
    </UnitTestResult>
    <UnitTestResult executionId="65f5dbb3-d6da-454f-8b69-aa32d37130ab" testId="a84f3122-8fdf-d178-f2df-bd9079d6ec22" testName="TestAsyncTypeError" computerName="AS02W1018" duration="00:00:00.0024385" startTime="2012-11-06T17:11:05.0118223+00:00" endTime="2012-11-06T17:11:05.0168223+00:00" testType="13cdc9d9-ddb5-4fa4-a97d-d965ccfc6d4b" outcome="Passed" testListId="8c84fa94-04c1-424b-9868-57a2d4851a1d" relativeResultsDirectory="65f5dbb3-d6da-454f-8b69-aa32d37130ab">
    </UnitTestResult>
  </Results>
</TestRun>