<?xml version="1.0" encoding="UTF-8"?>
<TestRun id="5b5dbc17-a988-4bad-9f2b-59fc4ece2cd0" name="jciechanowicz@AS02W1018 2012-11-06 17:13:46" runUser="ALPHAMERIC\jciechanowicz" xmlns="http://microsoft.com/schemas/VisualStudio/TeamTest/2010">
  <TestSettings name="Local" id="42885817-39b2-4c60-8baf-effd82c36c3a">
    <Description>These are default test settings for a local test run.</Description>
    <Deployment enabled="false" runDeploymentRoot="jciechanowicz_AS02W1018 2012-11-06 17_13_46">
      <DeploymentItem filename="C:\Users\jciechanowicz\Documents\GitHub\Chains\Chains\bin\Debug\Chains.dll" />
    </Deployment>
    <Execution>
      <TestTypeSpecific />
      <AgentRule name="Execution Agents">
      </AgentRule>
    </Execution>
  </TestSettings>
  <Times creation="2012-11-06T17:13:46.5828223+00:00" queuing="2012-11-06T17:13:47.2178223+00:00" start="2012-11-06T17:13:47.2258223+00:00" finish="2012-11-06T17:13:49.3738223+00:00" />
  <ResultSummary outcome="Warning">
    <Counters total="6" executed="6" passed="6" error="0" failed="0" timeout="0" aborted="0" inconclusive="0" passedButRunAborted="0" notRunnable="0" notExecuted="0" disconnected="0" warning="0" completed="0" inProgress="0" pending="0" />
    <RunInfos>
      <RunInfo computerName="AS02W1018" outcome="Warning" timestamp="2012-11-06T17:13:47.2178223+00:00">
        <Text>Deployment is currently disabled. The deployment item 'Chains.dll' on test 'ChainsTest.ChainsTests.TestTypeMismatch' was not deployed.</Text>
      </RunInfo>
    </RunInfos>
  </ResultSummary>
  <TestDefinitions>
    <UnitTest name="TestTypeMismatch" storage="c:\users\jciechanowicz\documents\github\chains\chainstest\bin\debug\chainstest.dll" id="03ef428c-1cd0-627d-8cce-c571c16c3566">
      <DeploymentItems>
        <DeploymentItem filename="Chains.dll" />
      </DeploymentItems>
      <Execution id="2901e277-38d2-42a8-9616-55dc024000c4" />
      <TestMethod codeBase="C:/Users/jciechanowicz/Documents/GitHub/Chains/ChainsTest/bin/Debug/ChainsTest.DLL" adapterTypeName="Microsoft.VisualStudio.TestTools.TestTypes.Unit.UnitTestAdapter, Microsoft.VisualStudio.QualityTools.Tips.UnitTest.Adapter, Version=10.0.0.0, Culture=neutral, PublicKeyToken=b03f5f7f11d50a3a" className="ChainsTest.ChainsTests, ChainsTest, Version=1.0.0.0, Culture=neutral, PublicKeyToken=null" name="TestTypeMismatch" />
    </UnitTest>
    <UnitTest name="TestExecutionError" storage="c:\users\jciechanowicz\documents\github\chains\chainstest\bin\debug\chainstest.dll" id="9dfbf65a-5d15-5fbe-ba87-7945726c006a">
      <DeploymentItems>
        <DeploymentItem filename="Chains.dll" />
      </DeploymentItems>
      <Execution id="6995535d-c6dd-4551-8cd4-12f1067ff64a" />
      <TestMethod codeBase="C:/Users/jciechanowicz/Documents/GitHub/Chains/ChainsTest/bin/Debug/ChainsTest.DLL" adapterTypeName="Microsoft.VisualStudio.TestTools.TestTypes.Unit.UnitTestAdapter, Microsoft.VisualStudio.QualityTools.Tips.UnitTest.Adapter, Version=10.0.0.0, Culture=neutral, PublicKeyToken=b03f5f7f11d50a3a" className="ChainsTest.ChainsTests, ChainsTest, Version=1.0.0.0, Culture=neutral, PublicKeyToken=null" name="TestExecutionError" />
    </UnitTest>
    <UnitTest name="TestAsyncExecutionError" storage="c:\users\jciechanowicz\documents\github\chains\chainstest\bin\debug\chainstest.dll" id="18583c57-fd39-02b1-87bb-2835151044c1">
      <DeploymentItems>
        <DeploymentItem filename="Chains.dll" />
      </DeploymentItems>
      <Execution id="50cfabda-eb24-4558-884f-c6c927cfdaa5" />
      <TestMethod codeBase="C:/Users/jciechanowicz/Documents/GitHub/Chains/ChainsTest/bin/Debug/ChainsTest.DLL" adapterTypeName="Microsoft.VisualStudio.TestTools.TestTypes.Unit.UnitTestAdapter, Microsoft.VisualStudio.QualityTools.Tips.UnitTest.Adapter, Version=10.0.0.0, Culture=neutral, PublicKeyToken=b03f5f7f11d50a3a" className="ChainsTest.ChainsTests, ChainsTest, Version=1.0.0.0, Culture=neutral, PublicKeyToken=null" name="TestAsyncExecutionError" />
    </UnitTest>
    <UnitTest name="TestAsyncExecution" storage="c:\users\jciechanowicz\documents\github\chains\chainstest\bin\debug\chainstest.dll" id="3ad6ef1e-9d1b-6ed7-bcf3-088c1e3c71ad">
      <DeploymentItems>
        <DeploymentItem filename="Chains.dll" />
      </DeploymentItems>
      <Execution id="b952e412-aee3-4c89-973e-6fd9971f44e1" />
      <TestMethod codeBase="C:/Users/jciechanowicz/Documents/GitHub/Chains/ChainsTest/bin/Debug/ChainsTest.DLL" adapterTypeName="Microsoft.VisualStudio.TestTools.TestTypes.Unit.UnitTestAdapter, Microsoft.VisualStudio.QualityTools.Tips.UnitTest.Adapter, Version=10.0.0.0, Culture=neutral, PublicKeyToken=b03f5f7f11d50a3a" className="ChainsTest.ChainsTests, ChainsTest, Version=1.0.0.0, Culture=neutral, PublicKeyToken=null" name="TestAsyncExecution" />
    </UnitTest>
    <UnitTest name="TestAsyncTypeError" storage="c:\users\jciechanowicz\documents\github\chains\chainstest\bin\debug\chainstest.dll" id="a84f3122-8fdf-d178-f2df-bd9079d6ec22">
      <DeploymentItems>
        <DeploymentItem filename="Chains.dll" />
      </DeploymentItems>
      <Execution id="f603d45d-74c5-4b42-b3d7-897ea13842ff" />
      <TestMethod codeBase="C:/Users/jciechanowicz/Documents/GitHub/Chains/ChainsTest/bin/Debug/ChainsTest.DLL" adapterTypeName="Microsoft.VisualStudio.TestTools.TestTypes.Unit.UnitTestAdapter, Microsoft.VisualStudio.QualityTools.Tips.UnitTest.Adapter, Version=10.0.0.0, Culture=neutral, PublicKeyToken=b03f5f7f11d50a3a" className="ChainsTest.ChainsTests, ChainsTest, Version=1.0.0.0, Culture=neutral, PublicKeyToken=null" name="TestAsyncTypeError" />
    </UnitTest>
    <UnitTest name="TestSimpleChain" storage="c:\users\jciechanowicz\documents\github\chains\chainstest\bin\debug\chainstest.dll" id="9e318b57-9d2d-a34d-d4ca-ad4722d68947">
      <DeploymentItems>
        <DeploymentItem filename="Chains.dll" />
      </DeploymentItems>
      <Execution id="91e65cd9-e04e-44c4-8409-ac8d18848236" />
      <TestMethod codeBase="C:/Users/jciechanowicz/Documents/GitHub/Chains/ChainsTest/bin/Debug/ChainsTest.DLL" adapterTypeName="Microsoft.VisualStudio.TestTools.TestTypes.Unit.UnitTestAdapter, Microsoft.VisualStudio.QualityTools.Tips.UnitTest.Adapter, Version=10.0.0.0, Culture=neutral, PublicKeyToken=b03f5f7f11d50a3a" className="ChainsTest.ChainsTests, ChainsTest, Version=1.0.0.0, Culture=neutral, PublicKeyToken=null" name="TestSimpleChain" />
    </UnitTest>
  </TestDefinitions>
  <TestLists>
    <TestList name="Results Not in a List" id="8c84fa94-04c1-424b-9868-57a2d4851a1d" />
    <TestList name="All Loaded Results" id="19431567-8539-422a-85d7-44ee4e166bda" />
  </TestLists>
  <TestEntries>
    <TestEntry testId="03ef428c-1cd0-627d-8cce-c571c16c3566" executionId="2901e277-38d2-42a8-9616-55dc024000c4" testListId="8c84fa94-04c1-424b-9868-57a2d4851a1d" />
    <TestEntry testId="18583c57-fd39-02b1-87bb-2835151044c1" executionId="50cfabda-eb24-4558-884f-c6c927cfdaa5" testListId="8c84fa94-04c1-424b-9868-57a2d4851a1d" />
    <TestEntry testId="3ad6ef1e-9d1b-6ed7-bcf3-088c1e3c71ad" executionId="b952e412-aee3-4c89-973e-6fd9971f44e1" testListId="8c84fa94-04c1-424b-9868-57a2d4851a1d" />
    <TestEntry testId="9dfbf65a-5d15-5fbe-ba87-7945726c006a" executionId="6995535d-c6dd-4551-8cd4-12f1067ff64a" testListId="8c84fa94-04c1-424b-9868-57a2d4851a1d" />
    <TestEntry testId="9e318b57-9d2d-a34d-d4ca-ad4722d68947" executionId="91e65cd9-e04e-44c4-8409-ac8d18848236" testListId="8c84fa94-04c1-424b-9868-57a2d4851a1d" />
    <TestEntry testId="a84f3122-8fdf-d178-f2df-bd9079d6ec22" executionId="f603d45d-74c5-4b42-b3d7-897ea13842ff" testListId="8c84fa94-04c1-424b-9868-57a2d4851a1d" />
  </TestEntries>
  <Results>
    <UnitTestResult executionId="2901e277-38d2-42a8-9616-55dc024000c4" testId="03ef428c-1cd0-627d-8cce-c571c16c3566" testName="TestTypeMismatch" computerName="AS02W1018" duration="00:00:00.0729016" startTime="2012-11-06T17:13:47.2508223+00:00" endTime="2012-11-06T17:13:49.1458223+00:00" testType="13cdc9d9-ddb5-4fa4-a97d-d965ccfc6d4b" outcome="Passed" testListId="8c84fa94-04c1-424b-9868-57a2d4851a1d" relativeResultsDirectory="2901e277-38d2-42a8-9616-55dc024000c4">
    </UnitTestResult>
    <UnitTestResult executionId="50cfabda-eb24-4558-884f-c6c927cfdaa5" testId="18583c57-fd39-02b1-87bb-2835151044c1" testName="TestAsyncExecutionError" computerName="AS02W1018" duration="00:00:00.0066565" startTime="2012-11-06T17:13:49.1728223+00:00" endTime="2012-11-06T17:13:49.1838223+00:00" testType="13cdc9d9-ddb5-4fa4-a97d-d965ccfc6d4b" outcome="Passed" testListId="8c84fa94-04c1-424b-9868-57a2d4851a1d" relativeResultsDirectory="50cfabda-eb24-4558-884f-c6c927cfdaa5">
    </UnitTestResult>
    <UnitTestResult executionId="b952e412-aee3-4c89-973e-6fd9971f44e1" testId="3ad6ef1e-9d1b-6ed7-bcf3-088c1e3c71ad" testName="TestAsyncExecution" computerName="AS02W1018" duration="00:00:00.0031276" startTime="2012-11-06T17:13:49.2648223+00:00" endTime="2012-11-06T17:13:49.2718223+00:00" testType="13cdc9d9-ddb5-4fa4-a97d-d965ccfc6d4b" outcome="Passed" testListId="8c84fa94-04c1-424b-9868-57a2d4851a1d" relativeResultsDirectory="b952e412-aee3-4c89-973e-6fd9971f44e1">
    </UnitTestResult>
    <UnitTestResult executionId="6995535d-c6dd-4551-8cd4-12f1067ff64a" testId="9dfbf65a-5d15-5fbe-ba87-7945726c006a" testName="TestExecutionError" computerName="AS02W1018" duration="00:00:00.0012792" startTime="2012-11-06T17:13:49.2918223+00:00" endTime="2012-11-06T17:13:49.2968223+00:00" testType="13cdc9d9-ddb5-4fa4-a97d-d965ccfc6d4b" outcome="Passed" testListId="8c84fa94-04c1-424b-9868-57a2d4851a1d" relativeResultsDirectory="6995535d-c6dd-4551-8cd4-12f1067ff64a">
    </UnitTestResult>
    <UnitTestResult executionId="91e65cd9-e04e-44c4-8409-ac8d18848236" testId="9e318b57-9d2d-a34d-d4ca-ad4722d68947" testName="TestSimpleChain" computerName="AS02W1018" duration="00:00:00.0388651" startTime="2012-11-06T17:13:49.3008223+00:00" endTime="2012-11-06T17:13:49.3438223+00:00" testType="13cdc9d9-ddb5-4fa4-a97d-d965ccfc6d4b" outcome="Passed" testListId="8c84fa94-04c1-424b-9868-57a2d4851a1d" relativeResultsDirectory="91e65cd9-e04e-44c4-8409-ac8d18848236">
    </UnitTestResult>
    <UnitTestResult executionId="f603d45d-74c5-4b42-b3d7-897ea13842ff" testId="a84f3122-8fdf-d178-f2df-bd9079d6ec22" testName="TestAsyncTypeError" computerName="AS02W1018" duration="00:00:00.0021617" startTime="2012-11-06T17:13:49.3488223+00:00" endTime="2012-11-06T17:13:49.3538223+00:00" testType="13cdc9d9-ddb5-4fa4-a97d-d965ccfc6d4b" outcome="Passed" testListId="8c84fa94-04c1-424b-9868-57a2d4851a1d" relativeResultsDirectory="f603d45d-74c5-4b42-b3d7-897ea13842ff">
    </UnitTestResult>
  </Results>
</TestRun>