<?xml version="1.0" encoding="UTF-8"?>
<TestRun id="8df9f5a2-6982-42a0-8d10-dfc38d46cad8" name="jciechanowicz@AS02W1018 2012-11-06 17:14:54" runUser="ALPHAMERIC\jciechanowicz" xmlns="http://microsoft.com/schemas/VisualStudio/TeamTest/2010">
  <TestSettings name="Local" id="42885817-39b2-4c60-8baf-effd82c36c3a">
    <Description>These are default test settings for a local test run.</Description>
    <Deployment enabled="false" runDeploymentRoot="jciechanowicz_AS02W1018 2012-11-06 17_14_54">
      <DeploymentItem filename="C:\Users\jciechanowicz\Documents\GitHub\Chains\Chains\bin\Debug\Chains.dll" />
    </Deployment>
    <Execution>
      <TestTypeSpecific />
      <AgentRule name="Execution Agents">
      </AgentRule>
    </Execution>
  </TestSettings>
  <Times creation="2012-11-06T17:14:54.2038223+00:00" queuing="2012-11-06T17:14:54.9138223+00:00" start="2012-11-06T17:14:54.9238223+00:00" finish="2012-11-06T17:14:56.3008223+00:00" />
  <ResultSummary outcome="Warning">
    <Counters total="6" executed="6" passed="6" error="0" failed="0" timeout="0" aborted="0" inconclusive="0" passedButRunAborted="0" notRunnable="0" notExecuted="0" disconnected="0" warning="0" completed="0" inProgress="0" pending="0" />
    <RunInfos>
      <RunInfo computerName="AS02W1018" outcome="Warning" timestamp="2012-11-06T17:14:54.9138223+00:00">
        <Text>Deployment is currently disabled. The deployment item 'Chains.dll' on test 'ChainsTest.ChainsTests.TestTypeMismatch' was not deployed.</Text>
      </RunInfo>
    </RunInfos>
  </ResultSummary>
  <TestDefinitions>
    <UnitTest name="TestTypeMismatch" storage="c:\users\jciechanowicz\documents\github\chains\chainstest\bin\debug\chainstest.dll" id="03ef428c-1cd0-627d-8cce-c571c16c3566">
      <DeploymentItems>
        <DeploymentItem filename="Chains.dll" />
      </DeploymentItems>
      <Execution id="f2be5289-9079-4b2c-825b-545a5b2151d5" />
      <TestMethod codeBase="C:/Users/jciechanowicz/Documents/GitHub/Chains/ChainsTest/bin/Debug/ChainsTest.DLL" adapterTypeName="Microsoft.VisualStudio.TestTools.TestTypes.Unit.UnitTestAdapter, Microsoft.VisualStudio.QualityTools.Tips.UnitTest.Adapter, Version=10.0.0.0, Culture=neutral, PublicKeyToken=b03f5f7f11d50a3a" className="ChainsTest.ChainsTests, ChainsTest, Version=1.0.0.0, Culture=neutral, PublicKeyToken=null" name="TestTypeMismatch" />
    </UnitTest>
    <UnitTest name="TestExecutionError" storage="c:\users\jciechanowicz\documents\github\chains\chainstest\bin\debug\chainstest.dll" id="9dfbf65a-5d15-5fbe-ba87-7945726c006a">
      <DeploymentItems>
        <DeploymentItem filename="Chains.dll" />
      </DeploymentItems>
      <Execution id="69a72536-4240-42e2-82b8-9fcab7b38a46" />
      <TestMethod codeBase="C:/Users/jciechanowicz/Documents/GitHub/Chains/ChainsTest/bin/Debug/ChainsTest.DLL" adapterTypeName="Microsoft.VisualStudio.TestTools.TestTypes.Unit.UnitTestAdapter, Microsoft.VisualStudio.QualityTools.Tips.UnitTest.Adapter, Version=10.0.0.0, Culture=neutral, PublicKeyToken=b03f5f7f11d50a3a" className="ChainsTest.ChainsTests, ChainsTest, Version=1.0.0.0, Culture=neutral, PublicKeyToken=null" name="TestExecutionError" />
    </UnitTest>
    <UnitTest name="TestAsyncExecutionError" storage="c:\users\jciechanowicz\documents\github\chains\chainstest\bin\debug\chainstest.dll" id="18583c57-fd39-02b1-87bb-2835151044c1">
      <DeploymentItems>
        <DeploymentItem filename="Chains.dll" />
      </DeploymentItems>
      <Execution id="eb9aae94-d10f-4e1a-80c7-430b7bde10c2" />
      <TestMethod codeBase="C:/Users/jciechanowicz/Documents/GitHub/Chains/ChainsTest/bin/Debug/ChainsTest.DLL" adapterTypeName="Microsoft.VisualStudio.TestTools.TestTypes.Unit.UnitTestAdapter, Microsoft.VisualStudio.QualityTools.Tips.UnitTest.Adapter, Version=10.0.0.0, Culture=neutral, PublicKeyToken=b03f5f7f11d50a3a" className="ChainsTest.ChainsTests, ChainsTest, Version=1.0.0.0, Culture=neutral, PublicKeyToken=null" name="TestAsyncExecutionError" />
    </UnitTest>
    <UnitTest name="TestAsyncExecution" storage="c:\users\jciechanowicz\documents\github\chains\chainstest\bin\debug\chainstest.dll" id="3ad6ef1e-9d1b-6ed7-bcf3-088c1e3c71ad">
      <DeploymentItems>
        <DeploymentItem filename="Chains.dll" />
      </DeploymentItems>
      <Execution id="449505b2-73c5-4329-b672-8f929be38226" />
      <TestMethod codeBase="C:/Users/jciechanowicz/Documents/GitHub/Chains/ChainsTest/bin/Debug/ChainsTest.DLL" adapterTypeName="Microsoft.VisualStudio.TestTools.TestTypes.Unit.UnitTestAdapter, Microsoft.VisualStudio.QualityTools.Tips.UnitTest.Adapter, Version=10.0.0.0, Culture=neutral, PublicKeyToken=b03f5f7f11d50a3a" className="ChainsTest.ChainsTests, ChainsTest, Version=1.0.0.0, Culture=neutral, PublicKeyToken=null" name="TestAsyncExecution" />
    </UnitTest>
    <UnitTest name="TestAsyncTypeError" storage="c:\users\jciechanowicz\documents\github\chains\chainstest\bin\debug\chainstest.dll" id="a84f3122-8fdf-d178-f2df-bd9079d6ec22">
      <DeploymentItems>
        <DeploymentItem filename="Chains.dll" />
      </DeploymentItems>
      <Execution id="aabd380b-fd1b-4a7c-b4e0-bedf9e2bd8ca" />
      <TestMethod codeBase="C:/Users/jciechanowicz/Documents/GitHub/Chains/ChainsTest/bin/Debug/ChainsTest.DLL" adapterTypeName="Microsoft.VisualStudio.TestTools.TestTypes.Unit.UnitTestAdapter, Microsoft.VisualStudio.QualityTools.Tips.UnitTest.Adapter, Version=10.0.0.0, Culture=neutral, PublicKeyToken=b03f5f7f11d50a3a" className="ChainsTest.ChainsTests, ChainsTest, Version=1.0.0.0, Culture=neutral, PublicKeyToken=null" name="TestAsyncTypeError" />
    </UnitTest>
    <UnitTest name="TestSimpleChain" storage="c:\users\jciechanowicz\documents\github\chains\chainstest\bin\debug\chainstest.dll" id="9e318b57-9d2d-a34d-d4ca-ad4722d68947">
      <DeploymentItems>
        <DeploymentItem filename="Chains.dll" />
      </DeploymentItems>
      <Execution id="600c7a5f-e1f0-4aa8-96cb-a1cbcc846c8c" />
      <TestMethod codeBase="C:/Users/jciechanowicz/Documents/GitHub/Chains/ChainsTest/bin/Debug/ChainsTest.DLL" adapterTypeName="Microsoft.VisualStudio.TestTools.TestTypes.Unit.UnitTestAdapter, Microsoft.VisualStudio.QualityTools.Tips.UnitTest.Adapter, Version=10.0.0.0, Culture=neutral, PublicKeyToken=b03f5f7f11d50a3a" className="ChainsTest.ChainsTests, ChainsTest, Version=1.0.0.0, Culture=neutral, PublicKeyToken=null" name="TestSimpleChain" />
    </UnitTest>
  </TestDefinitions>
  <TestLists>
    <TestList name="Results Not in a List" id="8c84fa94-04c1-424b-9868-57a2d4851a1d" />
    <TestList name="All Loaded Results" id="19431567-8539-422a-85d7-44ee4e166bda" />
  </TestLists>
  <TestEntries>
    <TestEntry testId="03ef428c-1cd0-627d-8cce-c571c16c3566" executionId="f2be5289-9079-4b2c-825b-545a5b2151d5" testListId="8c84fa94-04c1-424b-9868-57a2d4851a1d" />
    <TestEntry testId="18583c57-fd39-02b1-87bb-2835151044c1" executionId="eb9aae94-d10f-4e1a-80c7-430b7bde10c2" testListId="8c84fa94-04c1-424b-9868-57a2d4851a1d" />
    <TestEntry testId="3ad6ef1e-9d1b-6ed7-bcf3-088c1e3c71ad" executionId="449505b2-73c5-4329-b672-8f929be38226" testListId="8c84fa94-04c1-424b-9868-57a2d4851a1d" />
    <TestEntry testId="9dfbf65a-5d15-5fbe-ba87-7945726c006a" executionId="69a72536-4240-42e2-82b8-9fcab7b38a46" testListId="8c84fa94-04c1-424b-9868-57a2d4851a1d" />
    <TestEntry testId="9e318b57-9d2d-a34d-d4ca-ad4722d68947" executionId="600c7a5f-e1f0-4aa8-96cb-a1cbcc846c8c" testListId="8c84fa94-04c1-424b-9868-57a2d4851a1d" />
    <TestEntry testId="a84f3122-8fdf-d178-f2df-bd9079d6ec22" executionId="aabd380b-fd1b-4a7c-b4e0-bedf9e2bd8ca" testListId="8c84fa94-04c1-424b-9868-57a2d4851a1d" />
  </TestEntries>
  <Results>
    <UnitTestResult executionId="f2be5289-9079-4b2c-825b-545a5b2151d5" testId="03ef428c-1cd0-627d-8cce-c571c16c3566" testName="TestTypeMismatch" computerName="AS02W1018" duration="00:00:00.0716557" startTime="2012-11-06T17:14:54.9338223+00:00" endTime="2012-11-06T17:14:56.1708223+00:00" testType="13cdc9d9-ddb5-4fa4-a97d-d965ccfc6d4b" outcome="Passed" testListId="8c84fa94-04c1-424b-9868-57a2d4851a1d" relativeResultsDirectory="f2be5289-9079-4b2c-825b-545a5b2151d5">
    </UnitTestResult>
    <UnitTestResult executionId="eb9aae94-d10f-4e1a-80c7-430b7bde10c2" testId="18583c57-fd39-02b1-87bb-2835151044c1" testName="TestAsyncExecutionError" computerName="AS02W1018" duration="00:00:00.0072980" startTime="2012-11-06T17:14:56.1828223+00:00" endTime="2012-11-06T17:14:56.1988223+00:00" testType="13cdc9d9-ddb5-4fa4-a97d-d965ccfc6d4b" outcome="Passed" testListId="8c84fa94-04c1-424b-9868-57a2d4851a1d" relativeResultsDirectory="eb9aae94-d10f-4e1a-80c7-430b7bde10c2">
    </UnitTestResult>
    <UnitTestResult executionId="449505b2-73c5-4329-b672-8f929be38226" testId="3ad6ef1e-9d1b-6ed7-bcf3-088c1e3c71ad" testName="TestAsyncExecution" computerName="AS02W1018" duration="00:00:00.0028190" startTime="2012-11-06T17:14:56.2148223+00:00" endTime="2012-11-06T17:14:56.2208223+00:00" testType="13cdc9d9-ddb5-4fa4-a97d-d965ccfc6d4b" outcome="Passed" testListId="8c84fa94-04c1-424b-9868-57a2d4851a1d" relativeResultsDirectory="449505b2-73c5-4329-b672-8f929be38226">
    </UnitTestResult>
    <UnitTestResult executionId="69a72536-4240-42e2-82b8-9fcab7b38a46" testId="9dfbf65a-5d15-5fbe-ba87-7945726c006a" testName="TestExecutionError" computerName="AS02W1018" duration="00:00:00.0013533" startTime="2012-11-06T17:14:56.2258223+00:00" endTime="2012-11-06T17:14:56.2298223+00:00" testType="13cdc9d9-ddb5-4fa4-a97d-d965ccfc6d4b" outcome="Passed" testListId="8c84fa94-04c1-424b-9868-57a2d4851a1d" relativeResultsDirectory="69a72536-4240-42e2-82b8-9fcab7b38a46">
    </UnitTestResult>
    <UnitTestResult executionId="600c7a5f-e1f0-4aa8-96cb-a1cbcc846c8c" testId="9e318b57-9d2d-a34d-d4ca-ad4722d68947" testName="TestSimpleChain" computerName="AS02W1018" duration="00:00:00.0331902" startTime="2012-11-06T17:14:56.2348223+00:00" endTime="2012-11-06T17:14:56.2708223+00:00" testType="13cdc9d9-ddb5-4fa4-a97d-d965ccfc6d4b" outcome="Passed" testListId="8c84fa94-04c1-424b-9868-57a2d4851a1d" relativeResultsDirectory="600c7a5f-e1f0-4aa8-96cb-a1cbcc846c8c">
    </UnitTestResult>
    <UnitTestResult executionId="aabd380b-fd1b-4a7c-b4e0-bedf9e2bd8ca" testId="a84f3122-8fdf-d178-f2df-bd9079d6ec22" testName="TestAsyncTypeError" computerName="AS02W1018" duration="00:00:00.0019965" startTime="2012-11-06T17:14:56.2768223+00:00" endTime="2012-11-06T17:14:56.2818223+00:00" testType="13cdc9d9-ddb5-4fa4-a97d-d965ccfc6d4b" outcome="Passed" testListId="8c84fa94-04c1-424b-9868-57a2d4851a1d" relativeResultsDirectory="aabd380b-fd1b-4a7c-b4e0-bedf9e2bd8ca">
    </UnitTestResult>
  </Results>
</TestRun>