<?xml version="1.0" encoding="UTF-8"?>
<TestRun id="ef2de94b-502d-4cfe-b3b0-0d5de964e5b6" name="jciechanowicz@AS02W1018 2012-11-06 16:53:08" runUser="ALPHAMERIC\jciechanowicz" xmlns="http://microsoft.com/schemas/VisualStudio/TeamTest/2010">
  <TestSettings name="Local" id="42885817-39b2-4c60-8baf-effd82c36c3a">
    <Description>These are default test settings for a local test run.</Description>
    <Deployment enabled="false" runDeploymentRoot="jciechanowicz_AS02W1018 2012-11-06 16_53_08">
      <DeploymentItem filename="C:\Users\jciechanowicz\Documents\GitHub\Chains\Chains\bin\Debug\Chains.dll" />
    </Deployment>
    <Execution>
      <TestTypeSpecific />
      <AgentRule name="Execution Agents">
      </AgentRule>
    </Execution>
  </TestSettings>
  <Times creation="2012-11-06T16:53:08.8168223+00:00" queuing="2012-11-06T16:53:11.0758223+00:00" start="2012-11-06T16:53:11.2708223+00:00" finish="2012-11-06T17:10:59.5998223+00:00" />
  <ResultSummary outcome="Error">
    <Counters total="5" executed="2" passed="1" error="0" failed="0" timeout="0" aborted="1" inconclusive="0" passedButRunAborted="0" notRunnable="0" notExecuted="3" disconnected="0" warning="0" completed="0" inProgress="0" pending="0" />
    <RunInfos>
      <RunInfo computerName="AS02W1018" outcome="Warning" timestamp="2012-11-06T16:53:09.5418223+00:00">
        <Text>Deployment is currently disabled. The deployment item 'Chains.dll' on test 'ChainsTest.ChainsTests.TestSimpleChain' was not deployed.</Text>
      </RunInfo>
      <RunInfo computerName="AS02W1018" outcome="Error" timestamp="2012-11-06T17:10:59.5988223+00:00">
        <Text>Test host process exited unexpectedly.</Text>
      </RunInfo>
    </RunInfos>
  </ResultSummary>
  <TestDefinitions>
    <UnitTest name="TestSimpleChain" storage="c:\users\jciechanowicz\documents\github\chains\chainstest\bin\debug\chainstest.dll" id="9e318b57-9d2d-a34d-d4ca-ad4722d68947">
      <DeploymentItems>
        <DeploymentItem filename="Chains.dll" />
      </DeploymentItems>
      <Execution id="97f252cc-ebc3-4a86-af9f-d420496f8046" />
      <TestMethod codeBase="C:/Users/jciechanowicz/Documents/GitHub/Chains/ChainsTest/bin/Debug/ChainsTest.DLL" adapterTypeName="Microsoft.VisualStudio.TestTools.TestTypes.Unit.UnitTestAdapter, Microsoft.VisualStudio.QualityTools.Tips.UnitTest.Adapter, Version=10.0.0.0, Culture=neutral, PublicKeyToken=b03f5f7f11d50a3a" className="ChainsTest.ChainsTests, ChainsTest, Version=1.0.0.0, Culture=neutral, PublicKeyToken=null" name="TestSimpleChain" />
    </UnitTest>
    <UnitTest name="TestTypeMismatch" storage="c:\users\jciechanowicz\documents\github\chains\chainstest\bin\debug\chainstest.dll" id="03ef428c-1cd0-627d-8cce-c571c16c3566">
      <DeploymentItems>
        <DeploymentItem filename="Chains.dll" />
      </DeploymentItems>
      <Execution id="847a3517-1d70-4078-9fed-1b8b0983df36" />
      <TestMethod codeBase="C:/Users/jciechanowicz/Documents/GitHub/Chains/ChainsTest/bin/Debug/ChainsTest.DLL" adapterTypeName="Microsoft.VisualStudio.TestTools.TestTypes.Unit.UnitTestAdapter, Microsoft.VisualStudio.QualityTools.Tips.UnitTest.Adapter, Version=10.0.0.0, Culture=neutral, PublicKeyToken=b03f5f7f11d50a3a" className="ChainsTest.ChainsTests, ChainsTest, Version=1.0.0.0, Culture=neutral, PublicKeyToken=null" name="TestTypeMismatch" />
    </UnitTest>
    <UnitTest name="TestAsyncExecution" storage="c:\users\jciechanowicz\documents\github\chains\chainstest\bin\debug\chainstest.dll" id="3ad6ef1e-9d1b-6ed7-bcf3-088c1e3c71ad">
      <DeploymentItems>
        <DeploymentItem filename="Chains.dll" />
      </DeploymentItems>
      <Execution id="0de38e57-7e48-4779-89ba-3820ce6e3a84" />
      <TestMethod codeBase="C:/Users/jciechanowicz/Documents/GitHub/Chains/ChainsTest/bin/Debug/ChainsTest.DLL" adapterTypeName="Microsoft.VisualStudio.TestTools.TestTypes.Unit.UnitTestAdapter, Microsoft.VisualStudio.QualityTools.Tips.UnitTest.Adapter, Version=10.0.0.0, Culture=neutral, PublicKeyToken=b03f5f7f11d50a3a" className="ChainsTest.ChainsTests, ChainsTest, Version=1.0.0.0, Culture=neutral, PublicKeyToken=null" name="TestAsyncExecution" />
    </UnitTest>
    <UnitTest name="TestAsyncTypeError" storage="c:\users\jciechanowicz\documents\github\chains\chainstest\bin\debug\chainstest.dll" id="a84f3122-8fdf-d178-f2df-bd9079d6ec22">
      <DeploymentItems>
        <DeploymentItem filename="Chains.dll" />
      </DeploymentItems>
      <Execution id="ff86df3d-25e3-43c3-835e-6b5086844dfe" />
      <TestMethod codeBase="C:/Users/jciechanowicz/Documents/GitHub/Chains/ChainsTest/bin/Debug/ChainsTest.DLL" adapterTypeName="Microsoft.VisualStudio.TestTools.TestTypes.Unit.UnitTestAdapter, Microsoft.VisualStudio.QualityTools.Tips.UnitTest.Adapter, Version=10.0.0.0, Culture=neutral, PublicKeyToken=b03f5f7f11d50a3a" className="ChainsTest.ChainsTests, ChainsTest, Version=1.0.0.0, Culture=neutral, PublicKeyToken=null" name="TestAsyncTypeError" />
    </UnitTest>
    <UnitTest name="TestExecutionError" storage="c:\users\jciechanowicz\documents\github\chains\chainstest\bin\debug\chainstest.dll" id="9dfbf65a-5d15-5fbe-ba87-7945726c006a">
      <DeploymentItems>
        <DeploymentItem filename="Chains.dll" />
      </DeploymentItems>
      <Execution id="6796d552-5f06-4071-a648-60f7164e79c4" />
      <TestMethod codeBase="C:/Users/jciechanowicz/Documents/GitHub/Chains/ChainsTest/bin/Debug/ChainsTest.DLL" adapterTypeName="Microsoft.VisualStudio.TestTools.TestTypes.Unit.UnitTestAdapter, Microsoft.VisualStudio.QualityTools.Tips.UnitTest.Adapter, Version=10.0.0.0, Culture=neutral, PublicKeyToken=b03f5f7f11d50a3a" className="ChainsTest.ChainsTests, ChainsTest, Version=1.0.0.0, Culture=neutral, PublicKeyToken=null" name="TestExecutionError" />
    </UnitTest>
  </TestDefinitions>
  <TestLists>
    <TestList name="Results Not in a List" id="8c84fa94-04c1-424b-9868-57a2d4851a1d" />
    <TestList name="All Loaded Results" id="19431567-8539-422a-85d7-44ee4e166bda" />
  </TestLists>
  <TestEntries>
    <TestEntry testId="03ef428c-1cd0-627d-8cce-c571c16c3566" executionId="847a3517-1d70-4078-9fed-1b8b0983df36" testListId="8c84fa94-04c1-424b-9868-57a2d4851a1d" />
    <TestEntry testId="3ad6ef1e-9d1b-6ed7-bcf3-088c1e3c71ad" executionId="0de38e57-7e48-4779-89ba-3820ce6e3a84" testListId="8c84fa94-04c1-424b-9868-57a2d4851a1d" />
    <TestEntry testId="9dfbf65a-5d15-5fbe-ba87-7945726c006a" executionId="6796d552-5f06-4071-a648-60f7164e79c4" testListId="8c84fa94-04c1-424b-9868-57a2d4851a1d" />
    <TestEntry testId="9e318b57-9d2d-a34d-d4ca-ad4722d68947" executionId="97f252cc-ebc3-4a86-af9f-d420496f8046" testListId="8c84fa94-04c1-424b-9868-57a2d4851a1d" />
    <TestEntry testId="a84f3122-8fdf-d178-f2df-bd9079d6ec22" executionId="ff86df3d-25e3-43c3-835e-6b5086844dfe" testListId="8c84fa94-04c1-424b-9868-57a2d4851a1d" />
  </TestEntries>
  <Results>
    <UnitTestResult executionId="847a3517-1d70-4078-9fed-1b8b0983df36" testId="03ef428c-1cd0-627d-8cce-c571c16c3566" testName="TestTypeMismatch" computerName="AS02W1018" duration="00:17:21.0316097" startTime="2012-11-06T16:53:11.4468223+00:00" endTime="2012-11-06T17:10:40.5388223+00:00" testType="13cdc9d9-ddb5-4fa4-a97d-d965ccfc6d4b" outcome="Passed" testListId="8c84fa94-04c1-424b-9868-57a2d4851a1d" relativeResultsDirectory="847a3517-1d70-4078-9fed-1b8b0983df36">
    </UnitTestResult>
    <UnitTestResult executionId="0de38e57-7e48-4779-89ba-3820ce6e3a84" testId="3ad6ef1e-9d1b-6ed7-bcf3-088c1e3c71ad" testName="TestAsyncExecution" computerName="AS02W1018" duration="00:00:19.0410000" startTime="2012-11-06T17:10:40.5588223+00:00" endTime="2012-11-06T17:10:59.5998223+00:00" testType="13cdc9d9-ddb5-4fa4-a97d-d965ccfc6d4b" outcome="Aborted" testListId="8c84fa94-04c1-424b-9868-57a2d4851a1d" relativeResultsDirectory="0de38e57-7e48-4779-89ba-3820ce6e3a84">
    </UnitTestResult>
    <UnitTestResult executionId="6796d552-5f06-4071-a648-60f7164e79c4" testId="9dfbf65a-5d15-5fbe-ba87-7945726c006a" testName="TestExecutionError" computerName="AS02W1018" testType="13cdc9d9-ddb5-4fa4-a97d-d965ccfc6d4b" outcome="NotExecuted" testListId="8c84fa94-04c1-424b-9868-57a2d4851a1d" relativeResultsDirectory="6796d552-5f06-4071-a648-60f7164e79c4">
    </UnitTestResult>
    <UnitTestResult executionId="97f252cc-ebc3-4a86-af9f-d420496f8046" testId="9e318b57-9d2d-a34d-d4ca-ad4722d68947" testName="TestSimpleChain" computerName="AS02W1018" testType="13cdc9d9-ddb5-4fa4-a97d-d965ccfc6d4b" outcome="NotExecuted" testListId="8c84fa94-04c1-424b-9868-57a2d4851a1d" relativeResultsDirectory="97f252cc-ebc3-4a86-af9f-d420496f8046">
    </UnitTestResult>
    <UnitTestResult executionId="ff86df3d-25e3-43c3-835e-6b5086844dfe" testId="a84f3122-8fdf-d178-f2df-bd9079d6ec22" testName="TestAsyncTypeError" computerName="AS02W1018" testType="13cdc9d9-ddb5-4fa4-a97d-d965ccfc6d4b" outcome="NotExecuted" testListId="8c84fa94-04c1-424b-9868-57a2d4851a1d" relativeResultsDirectory="ff86df3d-25e3-43c3-835e-6b5086844dfe">
    </UnitTestResult>
  </Results>
</TestRun>