<?xml version="1.0" encoding="UTF-8"?>
<TestRun id="c97188c8-84d6-45ae-aaab-4fa74b500d91" name="jciechanowicz@AS02W1018 2012-11-06 18:03:22" runUser="ALPHAMERIC\jciechanowicz" xmlns="http://microsoft.com/schemas/VisualStudio/TeamTest/2010">
  <TestSettings name="Local" id="42885817-39b2-4c60-8baf-effd82c36c3a">
    <Description>These are default test settings for a local test run.</Description>
    <Deployment runDeploymentRoot="jciechanowicz_AS02W1018 2012-11-06 18_03_22">
      <DeploymentItem filename="C:\Users\jciechanowicz\Documents\GitHub\Chains\Chains\bin\Debug\Chains.dll" />
    </Deployment>
    <Execution>
      <TestTypeSpecific>
        <UnitTestRunConfig testTypeId="13cdc9d9-ddb5-4fa4-a97d-d965ccfc6d4b">
          <AssemblyResolution>
            <TestDirectory useLoadContext="true" />
          </AssemblyResolution>
        </UnitTestRunConfig>
      </TestTypeSpecific>
      <AgentRule name="LocalMachineDefaultRole">
        <DataCollectors>
          <DataCollector uri="datacollector://microsoft/CodeCoverage/1.0" assemblyQualifiedName="Microsoft.VisualStudio.TestTools.CodeCoverage.CoveragePlugIn, Microsoft.VisualStudio.QualityTools.Plugins.CodeCoverage, Version=10.0.0.0, Culture=neutral, PublicKeyToken=b03f5f7f11d50a3a" friendlyName="Code Coverage">
            <Configuration>
              <CodeCoverage xmlns="">
                <Regular>
                  <CodeCoverageItem binaryFile="C:\Users\jciechanowicz\Documents\GitHub\Chains\Chains\bin\Debug\Chains.dll" pdbFile="C:\Users\jciechanowicz\Documents\GitHub\Chains\Chains\bin\Debug\Chains.instr.pdb" instrumentInPlace="true" />
                </Regular>
              </CodeCoverage>
            </Configuration>
          </DataCollector>
        </DataCollectors>
      </AgentRule>
    </Execution>
  </TestSettings>
  <Times creation="2012-11-06T18:03:22.6098223+00:00" queuing="2012-11-06T18:03:26.6828223+00:00" start="2012-11-06T18:03:26.8318223+00:00" finish="2012-11-06T18:03:33.2788223+00:00" />
  <ResultSummary outcome="Completed">
    <Counters total="7" executed="7" passed="7" error="0" failed="0" timeout="0" aborted="0" inconclusive="0" passedButRunAborted="0" notRunnable="0" notExecuted="0" disconnected="0" warning="0" completed="0" inProgress="0" pending="0" />
    <ResultFiles>
      <ResultFile path="AS02W1018\data.coverage" />
    </ResultFiles>
  </ResultSummary>
  <TestDefinitions>
    <UnitTest name="TestExecutionError" storage="c:\users\jciechanowicz\documents\github\chains\chainstest\bin\debug\chainstest.dll" id="b47c5645-a659-615b-ce7b-6ce6ab5529a2">
      <DeploymentItems>
        <DeploymentItem filename="Chains.dll" />
      </DeploymentItems>
      <Execution id="50e757ee-0a32-4e4c-9018-cfb90929b636" />
      <TestMethod codeBase="C:/Users/jciechanowicz/Documents/GitHub/Chains/ChainsTest/bin/Debug/ChainsTest.DLL" adapterTypeName="Microsoft.VisualStudio.TestTools.TestTypes.Unit.UnitTestAdapter, Microsoft.VisualStudio.QualityTools.Tips.UnitTest.Adapter, Version=10.0.0.0, Culture=neutral, PublicKeyToken=b03f5f7f11d50a3a" className="ChainsTest.LinearTests, ChainsTest, Version=1.0.0.0, Culture=neutral, PublicKeyToken=null" name="TestExecutionError" />
    </UnitTest>
    <UnitTest name="TestMultiTypeChain" storage="c:\users\jciechanowicz\documents\github\chains\chainstest\bin\debug\chainstest.dll" id="68ac6d6b-f5b3-f477-1a81-e154524c5f22">
      <DeploymentItems>
        <DeploymentItem filename="Chains.dll" />
      </DeploymentItems>
      <Execution id="be91bb96-eb1e-4ef9-818e-199bc29eb712" />
      <TestMethod codeBase="C:/Users/jciechanowicz/Documents/GitHub/Chains/ChainsTest/bin/Debug/ChainsTest.DLL" adapterTypeName="Microsoft.VisualStudio.TestTools.TestTypes.Unit.UnitTestAdapter, Microsoft.VisualStudio.QualityTools.Tips.UnitTest.Adapter, Version=10.0.0.0, Culture=neutral, PublicKeyToken=b03f5f7f11d50a3a" className="ChainsTest.LinearTests, ChainsTest, Version=1.0.0.0, Culture=neutral, PublicKeyToken=null" name="TestMultiTypeChain" />
    </UnitTest>
    <UnitTest name="TestAsyncTypeError" storage="c:\users\jciechanowicz\documents\github\chains\chainstest\bin\debug\chainstest.dll" id="81d5d5a8-dd7a-917e-7657-37b0ce778671">
      <DeploymentItems>
        <DeploymentItem filename="Chains.dll" />
      </DeploymentItems>
      <Execution id="e92a73b2-0c34-4aed-8870-e52dc890e3de" />
      <TestMethod codeBase="C:/Users/jciechanowicz/Documents/GitHub/Chains/ChainsTest/bin/Debug/ChainsTest.DLL" adapterTypeName="Microsoft.VisualStudio.TestTools.TestTypes.Unit.UnitTestAdapter, Microsoft.VisualStudio.QualityTools.Tips.UnitTest.Adapter, Version=10.0.0.0, Culture=neutral, PublicKeyToken=b03f5f7f11d50a3a" className="ChainsTest.AsyncTests, ChainsTest, Version=1.0.0.0, Culture=neutral, PublicKeyToken=null" name="TestAsyncTypeError" />
    </UnitTest>
    <UnitTest name="TestAsyncExecution" storage="c:\users\jciechanowicz\documents\github\chains\chainstest\bin\debug\chainstest.dll" id="1356002e-e897-872c-78a5-df7ecc91f3ce">
      <DeploymentItems>
        <DeploymentItem filename="Chains.dll" />
      </DeploymentItems>
      <Execution id="d0134ab4-a9fd-4dc9-a7d5-bcc572cd8933" />
      <TestMethod codeBase="C:/Users/jciechanowicz/Documents/GitHub/Chains/ChainsTest/bin/Debug/ChainsTest.DLL" adapterTypeName="Microsoft.VisualStudio.TestTools.TestTypes.Unit.UnitTestAdapter, Microsoft.VisualStudio.QualityTools.Tips.UnitTest.Adapter, Version=10.0.0.0, Culture=neutral, PublicKeyToken=b03f5f7f11d50a3a" className="ChainsTest.AsyncTests, ChainsTest, Version=1.0.0.0, Culture=neutral, PublicKeyToken=null" name="TestAsyncExecution" />
    </UnitTest>
    <UnitTest name="TestAsyncExecutionError" storage="c:\users\jciechanowicz\documents\github\chains\chainstest\bin\debug\chainstest.dll" id="96e8f2f6-ba20-7685-0b8c-dedda47979fb">
      <DeploymentItems>
        <DeploymentItem filename="Chains.dll" />
      </DeploymentItems>
      <Execution id="08bf7ec8-c753-47c1-b1da-6016b76b11e1" />
      <TestMethod codeBase="C:/Users/jciechanowicz/Documents/GitHub/Chains/ChainsTest/bin/Debug/ChainsTest.DLL" adapterTypeName="Microsoft.VisualStudio.TestTools.TestTypes.Unit.UnitTestAdapter, Microsoft.VisualStudio.QualityTools.Tips.UnitTest.Adapter, Version=10.0.0.0, Culture=neutral, PublicKeyToken=b03f5f7f11d50a3a" className="ChainsTest.AsyncTests, ChainsTest, Version=1.0.0.0, Culture=neutral, PublicKeyToken=null" name="TestAsyncExecutionError" />
    </UnitTest>
    <UnitTest name="TestTypeMismatch" storage="c:\users\jciechanowicz\documents\github\chains\chainstest\bin\debug\chainstest.dll" id="de55ba53-e509-e1d8-72d1-3c3e89a04967">
      <DeploymentItems>
        <DeploymentItem filename="Chains.dll" />
      </DeploymentItems>
      <Execution id="1e5c0169-a60a-4e9b-9590-63e559db2570" />
      <TestMethod codeBase="C:/Users/jciechanowicz/Documents/GitHub/Chains/ChainsTest/bin/Debug/ChainsTest.DLL" adapterTypeName="Microsoft.VisualStudio.TestTools.TestTypes.Unit.UnitTestAdapter, Microsoft.VisualStudio.QualityTools.Tips.UnitTest.Adapter, Version=10.0.0.0, Culture=neutral, PublicKeyToken=b03f5f7f11d50a3a" className="ChainsTest.LinearTests, ChainsTest, Version=1.0.0.0, Culture=neutral, PublicKeyToken=null" name="TestTypeMismatch" />
    </UnitTest>
    <UnitTest name="TestSimpleChain" storage="c:\users\jciechanowicz\documents\github\chains\chainstest\bin\debug\chainstest.dll" id="ed1fc067-3a0e-4957-2e9c-00e356d1e9fa">
      <DeploymentItems>
        <DeploymentItem filename="Chains.dll" />
      </DeploymentItems>
      <Execution id="0765f85e-92da-40d8-a64c-e9f61d328a76" />
      <TestMethod codeBase="C:/Users/jciechanowicz/Documents/GitHub/Chains/ChainsTest/bin/Debug/ChainsTest.DLL" adapterTypeName="Microsoft.VisualStudio.TestTools.TestTypes.Unit.UnitTestAdapter, Microsoft.VisualStudio.QualityTools.Tips.UnitTest.Adapter, Version=10.0.0.0, Culture=neutral, PublicKeyToken=b03f5f7f11d50a3a" className="ChainsTest.LinearTests, ChainsTest, Version=1.0.0.0, Culture=neutral, PublicKeyToken=null" name="TestSimpleChain" />
    </UnitTest>
  </TestDefinitions>
  <TestLists>
    <TestList name="Results Not in a List" id="8c84fa94-04c1-424b-9868-57a2d4851a1d" />
    <TestList name="All Loaded Results" id="19431567-8539-422a-85d7-44ee4e166bda" />
  </TestLists>
  <TestEntries>
    <TestEntry testId="1356002e-e897-872c-78a5-df7ecc91f3ce" executionId="d0134ab4-a9fd-4dc9-a7d5-bcc572cd8933" testListId="8c84fa94-04c1-424b-9868-57a2d4851a1d" />
    <TestEntry testId="68ac6d6b-f5b3-f477-1a81-e154524c5f22" executionId="be91bb96-eb1e-4ef9-818e-199bc29eb712" testListId="8c84fa94-04c1-424b-9868-57a2d4851a1d" />
    <TestEntry testId="81d5d5a8-dd7a-917e-7657-37b0ce778671" executionId="e92a73b2-0c34-4aed-8870-e52dc890e3de" testListId="8c84fa94-04c1-424b-9868-57a2d4851a1d" />
    <TestEntry testId="96e8f2f6-ba20-7685-0b8c-dedda47979fb" executionId="08bf7ec8-c753-47c1-b1da-6016b76b11e1" testListId="8c84fa94-04c1-424b-9868-57a2d4851a1d" />
    <TestEntry testId="b47c5645-a659-615b-ce7b-6ce6ab5529a2" executionId="50e757ee-0a32-4e4c-9018-cfb90929b636" testListId="8c84fa94-04c1-424b-9868-57a2d4851a1d" />
    <TestEntry testId="de55ba53-e509-e1d8-72d1-3c3e89a04967" executionId="1e5c0169-a60a-4e9b-9590-63e559db2570" testListId="8c84fa94-04c1-424b-9868-57a2d4851a1d" />
    <TestEntry testId="ed1fc067-3a0e-4957-2e9c-00e356d1e9fa" executionId="0765f85e-92da-40d8-a64c-e9f61d328a76" testListId="8c84fa94-04c1-424b-9868-57a2d4851a1d" />
  </TestEntries>
  <Results>
    <UnitTestResult executionId="d0134ab4-a9fd-4dc9-a7d5-bcc572cd8933" testId="1356002e-e897-872c-78a5-df7ecc91f3ce" testName="TestAsyncExecution" computerName="AS02W1018" duration="00:00:00.0656340" startTime="2012-11-06T18:03:30.3158223+00:00" endTime="2012-11-06T18:03:31.3898223+00:00" testType="13cdc9d9-ddb5-4fa4-a97d-d965ccfc6d4b" outcome="Passed" testListId="8c84fa94-04c1-424b-9868-57a2d4851a1d" relativeResultsDirectory="d0134ab4-a9fd-4dc9-a7d5-bcc572cd8933">
    </UnitTestResult>
    <UnitTestResult executionId="be91bb96-eb1e-4ef9-818e-199bc29eb712" testId="68ac6d6b-f5b3-f477-1a81-e154524c5f22" testName="TestMultiTypeChain" computerName="AS02W1018" duration="00:00:00.0036087" startTime="2012-11-06T18:03:31.3958223+00:00" endTime="2012-11-06T18:03:31.4028223+00:00" testType="13cdc9d9-ddb5-4fa4-a97d-d965ccfc6d4b" outcome="Passed" testListId="8c84fa94-04c1-424b-9868-57a2d4851a1d" relativeResultsDirectory="be91bb96-eb1e-4ef9-818e-199bc29eb712">
    </UnitTestResult>
    <UnitTestResult executionId="e92a73b2-0c34-4aed-8870-e52dc890e3de" testId="81d5d5a8-dd7a-917e-7657-37b0ce778671" testName="TestAsyncTypeError" computerName="AS02W1018" duration="00:00:00.0029117" startTime="2012-11-06T18:03:31.4068223+00:00" endTime="2012-11-06T18:03:31.4128223+00:00" testType="13cdc9d9-ddb5-4fa4-a97d-d965ccfc6d4b" outcome="Passed" testListId="8c84fa94-04c1-424b-9868-57a2d4851a1d" relativeResultsDirectory="e92a73b2-0c34-4aed-8870-e52dc890e3de">
    </UnitTestResult>
    <UnitTestResult executionId="08bf7ec8-c753-47c1-b1da-6016b76b11e1" testId="96e8f2f6-ba20-7685-0b8c-dedda47979fb" testName="TestAsyncExecutionError" computerName="AS02W1018" duration="00:00:00.0018688" startTime="2012-11-06T18:03:31.4168223+00:00" endTime="2012-11-06T18:03:31.4218223+00:00" testType="13cdc9d9-ddb5-4fa4-a97d-d965ccfc6d4b" outcome="Passed" testListId="8c84fa94-04c1-424b-9868-57a2d4851a1d" relativeResultsDirectory="08bf7ec8-c753-47c1-b1da-6016b76b11e1">
    </UnitTestResult>
    <UnitTestResult executionId="50e757ee-0a32-4e4c-9018-cfb90929b636" testId="b47c5645-a659-615b-ce7b-6ce6ab5529a2" testName="TestExecutionError" computerName="AS02W1018" duration="00:00:00.0010794" startTime="2012-11-06T18:03:31.4268223+00:00" endTime="2012-11-06T18:03:31.4298223+00:00" testType="13cdc9d9-ddb5-4fa4-a97d-d965ccfc6d4b" outcome="Passed" testListId="8c84fa94-04c1-424b-9868-57a2d4851a1d" relativeResultsDirectory="50e757ee-0a32-4e4c-9018-cfb90929b636">
    </UnitTestResult>
    <UnitTestResult executionId="1e5c0169-a60a-4e9b-9590-63e559db2570" testId="de55ba53-e509-e1d8-72d1-3c3e89a04967" testName="TestTypeMismatch" computerName="AS02W1018" duration="00:00:00.0017745" startTime="2012-11-06T18:03:31.4498223+00:00" endTime="2012-11-06T18:03:31.4548223+00:00" testType="13cdc9d9-ddb5-4fa4-a97d-d965ccfc6d4b" outcome="Passed" testListId="8c84fa94-04c1-424b-9868-57a2d4851a1d" relativeResultsDirectory="1e5c0169-a60a-4e9b-9590-63e559db2570">
    </UnitTestResult>
    <UnitTestResult executionId="0765f85e-92da-40d8-a64c-e9f61d328a76" testId="ed1fc067-3a0e-4957-2e9c-00e356d1e9fa" testName="TestSimpleChain" computerName="AS02W1018" duration="00:00:00.0328377" startTime="2012-11-06T18:03:31.4838223+00:00" endTime="2012-11-06T18:03:31.5198223+00:00" testType="13cdc9d9-ddb5-4fa4-a97d-d965ccfc6d4b" outcome="Passed" testListId="8c84fa94-04c1-424b-9868-57a2d4851a1d" relativeResultsDirectory="0765f85e-92da-40d8-a64c-e9f61d328a76">
    </UnitTestResult>
  </Results>
</TestRun>